#
# A fatal error has been detected by the Java Runtime Environment:
#
#  EXCEPTION_ACCESS_VIOLATION (0xc0000005) at pc=0x5a7b95c7, pid=2924, tid=3860
#
# JRE version: Java(TM) SE Runtime Environment (8.0_45-b15) (build 1.8.0_45-b15)
# Java VM: Java HotSpot(TM) Client VM (25.45-b02 mixed mode windows-x86 )
# Problematic frame:
# V  [jvm.dll+0xc95c7]
#
# Failed to write core dump. Minidumps are not enabled by default on client versions of Windows
#
# If you would like to submit a bug report, please visit:
#   http://bugreport.java.com/bugreport/crash.jsp
#

---------------  T H R E A D  ---------------

Current thread (0x149b2000):  JavaThread "AWT-EventQueue-0" [_thread_in_vm, id=3860, stack(0x15200000,0x15250000)]

siginfo: ExceptionCode=0xc0000005, reading address 0x133d56e4

Registers:
EAX=0x133d56e0, EBX=0x149b2000, ECX=0x14924578, EDX=0x00000664
ESP=0x1524dce4, EBP=0x1524dd3c, ESI=0x14990790, EDI=0x00000159
EIP=0x5a7b95c7, EFLAGS=0x00010202

Top of Stack: (sp=0x1524dce4)
0x1524dce4:   1489bd78 14924578 15a872d8 14924570
0x1524dcf4:   15a86e30 14924570 00000000 14924570
0x1524dd04:   1489bd58 14924570 14924598 14924964
0x1524dd14:   000003ec 15a87340 14990790 15a87340
0x1524dd24:   00000159 00000000 01252f10 14991228
0x1524dd34:   14924578 01006cf0 1524ddb0 5a7b9e77
0x1524dd44:   15a87340 15a872d8 149b2000 00000210
0x1524dd54:   ffffffff 00000001 00000000 00000000 

Instructions: (pc=0x5a7b95c7)
0x5a7b95a7:   00 eb 06 8d 9b 00 00 00 00 8b 4d f8 8b 51 04 8b
0x5a7b95b7:   75 e0 8d 04 bd 00 00 00 00 03 d0 8b 01 8b 04 02
0x5a7b95c7:   8b 48 04 0f b7 51 18 8b 49 08 39 74 91 2c 0f 85
0x5a7b95d7:   44 01 00 00 8b 48 04 0f b7 51 1a 8b 49 08 8b 75 


Register to memory mapping:

EAX=0x133d56e0 is an unallocated location in the heap
EBX=0x149b2000 is a thread
ECX=0x14924578 is an unknown value
EDX=0x00000664 is an unknown value
ESP=0x1524dce4 is pointing into the stack for thread: 0x149b2000
EBP=0x1524dd3c is pointing into the stack for thread: 0x149b2000
ESI=0x14990790 is an unknown value
EDI=0x00000159 is an unknown value


Stack: [0x15200000,0x15250000],  sp=0x1524dce4,  free space=311k
Native frames: (J=compiled Java code, j=interpreted, Vv=VM code, C=native code)
V  [jvm.dll+0xc95c7]
V  [jvm.dll+0xc9e77]
V  [jvm.dll+0xbcf68]
V  [jvm.dll+0xbf7e4]
V  [jvm.dll+0xbfb98]
V  [jvm.dll+0x7fb41]
j  javax.swing.JScrollPane.createVerticalScrollBar()Ljavax/swing/JScrollBar;+0
j  javax.swing.JScrollPane.<init>(Ljava/awt/Component;II)V+52
j  javax.swing.plaf.basic.BasicComboPopup.createScroller()Ljavax/swing/JScrollPane;+12
j  javax.swing.plaf.basic.BasicComboPopup.<init>(Ljavax/swing/JComboBox;)V+69
j  javax.swing.plaf.synth.SynthComboPopup.<init>(Ljavax/swing/JComboBox;)V+2
j  javax.swing.plaf.synth.SynthComboBoxUI.createPopup()Ljavax/swing/plaf/basic/ComboPopup;+8
j  javax.swing.plaf.basic.BasicComboBoxUI.installUI(Ljavax/swing/JComponent;)V+19
j  javax.swing.plaf.synth.SynthComboBoxUI.installUI(Ljavax/swing/JComponent;)V+15
j  javax.swing.JComponent.setUI(Ljavax/swing/plaf/ComponentUI;)V+39
j  javax.swing.JComboBox.setUI(Ljavax/swing/plaf/ComboBoxUI;)V+2
j  javax.swing.JComboBox.updateUI()V+8
j  javax.swing.JComboBox.init()V+15
j  javax.swing.JComboBox.<init>()V+60
j  Aplicacao.VIEWCON.IFrmConServico.initComponents()V+203
j  Aplicacao.VIEWCON.IFrmConServico.<init>()V+5
j  Aplicativo.FrmPrincipais.FrmMenu.SubServicoActionPerformed(Ljava/awt/event/ActionEvent;)V+4
j  Aplicativo.FrmPrincipais.FrmMenu.access$600(LAplicativo/FrmPrincipais/FrmMenu;Ljava/awt/event/ActionEvent;)V+2
j  Aplicativo.FrmPrincipais.FrmMenu$7.actionPerformed(Ljava/awt/event/ActionEvent;)V+5
j  javax.swing.AbstractButton.fireActionPerformed(Ljava/awt/event/ActionEvent;)V+83
j  javax.swing.AbstractButton$Handler.actionPerformed(Ljava/awt/event/ActionEvent;)V+5
j  javax.swing.DefaultButtonModel.fireActionPerformed(Ljava/awt/event/ActionEvent;)V+34
j  javax.swing.DefaultButtonModel.setPressed(Z)V+117
j  javax.swing.AbstractButton.doClick(I)V+64
j  javax.swing.plaf.basic.BasicMenuItemUI.doClick(Ljavax/swing/MenuSelectionManager;)V+53
j  javax.swing.plaf.basic.BasicMenuItemUI$Handler.mouseReleased(Ljava/awt/event/MouseEvent;)V+76
j  java.awt.Component.processMouseEvent(Ljava/awt/event/MouseEvent;)V+64
j  javax.swing.JComponent.processMouseEvent(Ljava/awt/event/MouseEvent;)V+23
j  java.awt.Component.processEvent(Ljava/awt/AWTEvent;)V+81
j  java.awt.Container.processEvent(Ljava/awt/AWTEvent;)V+18
j  java.awt.Component.dispatchEventImpl(Ljava/awt/AWTEvent;)V+589
j  java.awt.Container.dispatchEventImpl(Ljava/awt/AWTEvent;)V+42
j  java.awt.Component.dispatchEvent(Ljava/awt/AWTEvent;)V+2
j  java.awt.LightweightDispatcher.retargetMouseEvent(Ljava/awt/Component;ILjava/awt/event/MouseEvent;)V+327
j  java.awt.LightweightDispatcher.processMouseEvent(Ljava/awt/event/MouseEvent;)Z+143
j  java.awt.LightweightDispatcher.dispatchEvent(Ljava/awt/AWTEvent;)Z+50
j  java.awt.Container.dispatchEventImpl(Ljava/awt/AWTEvent;)V+12
j  java.awt.Window.dispatchEventImpl(Ljava/awt/AWTEvent;)V+19
j  java.awt.Component.dispatchEvent(Ljava/awt/AWTEvent;)V+2
j  java.awt.EventQueue.dispatchEventImpl(Ljava/awt/AWTEvent;Ljava/lang/Object;)V+41
j  java.awt.EventQueue.access$500(Ljava/awt/EventQueue;Ljava/awt/AWTEvent;Ljava/lang/Object;)V+3
j  java.awt.EventQueue$3.run()Ljava/lang/Void;+32
j  java.awt.EventQueue$3.run()Ljava/lang/Object;+1
v  ~StubRoutines::call_stub
V  [jvm.dll+0x155cb5]
V  [jvm.dll+0x21b12e]
V  [jvm.dll+0x155d4e]
V  [jvm.dll+0x106fbf]
C  [java.dll+0x102f]
j  java.security.ProtectionDomain$1.doIntersectionPrivilege(Ljava/security/PrivilegedAction;Ljava/security/AccessControlContext;Ljava/security/AccessControlContext;)Ljava/lang/Object;+28
j  java.security.ProtectionDomain$1.doIntersectionPrivilege(Ljava/security/PrivilegedAction;Ljava/security/AccessControlContext;)Ljava/lang/Object;+6
j  java.awt.EventQueue$4.run()Ljava/lang/Void;+11
j  java.awt.EventQueue$4.run()Ljava/lang/Object;+1
v  ~StubRoutines::call_stub
V  [jvm.dll+0x155cb5]
V  [jvm.dll+0x21b12e]
V  [jvm.dll+0x155d4e]
V  [jvm.dll+0x106fbf]
C  [java.dll+0x102f]
j  java.security.ProtectionDomain$1.doIntersectionPrivilege(Ljava/security/PrivilegedAction;Ljava/security/AccessControlContext;Ljava/security/AccessControlContext;)Ljava/lang/Object;+28
j  java.awt.EventQueue.dispatchEvent(Ljava/awt/AWTEvent;)V+73
j  java.awt.EventDispatchThread.pumpOneEventForFilters(I)V+245
j  java.awt.EventDispatchThread.pumpEventsForFilter(ILjava/awt/Conditional;Ljava/awt/EventFilter;)V+35
j  java.awt.EventDispatchThread.pumpEventsForHierarchy(ILjava/awt/Conditional;Ljava/awt/Component;)V+11
j  java.awt.EventDispatchThread.pumpEvents(ILjava/awt/Conditional;)V+4
j  java.awt.EventDispatchThread.pumpEvents(Ljava/awt/Conditional;)V+3
j  java.awt.EventDispatchThread.run()V+9
v  ~StubRoutines::call_stub
V  [jvm.dll+0x155cb5]
V  [jvm.dll+0x21b12e]
V  [jvm.dll+0x155d4e]
V  [jvm.dll+0x155ed6]
V  [jvm.dll+0x155f47]
V  [jvm.dll+0xfb0cf]
V  [jvm.dll+0x17901c]
V  [jvm.dll+0x17910a]
V  [jvm.dll+0x1bd6e6]
C  [msvcr100.dll+0x5c556]
C  [msvcr100.dll+0x5c600]
C  [kernel32.dll+0x4ee1c]
C  [ntdll.dll+0x637eb]
C  [ntdll.dll+0x637be]
C  0x00000000

Java frames: (J=compiled Java code, j=interpreted, Vv=VM code)
j  javax.swing.JScrollPane.createVerticalScrollBar()Ljavax/swing/JScrollBar;+0
j  javax.swing.JScrollPane.<init>(Ljava/awt/Component;II)V+52
j  javax.swing.plaf.basic.BasicComboPopup.createScroller()Ljavax/swing/JScrollPane;+12
j  javax.swing.plaf.basic.BasicComboPopup.<init>(Ljavax/swing/JComboBox;)V+69
j  javax.swing.plaf.synth.SynthComboPopup.<init>(Ljavax/swing/JComboBox;)V+2
j  javax.swing.plaf.synth.SynthComboBoxUI.createPopup()Ljavax/swing/plaf/basic/ComboPopup;+8
j  javax.swing.plaf.basic.BasicComboBoxUI.installUI(Ljavax/swing/JComponent;)V+19
j  javax.swing.plaf.synth.SynthComboBoxUI.installUI(Ljavax/swing/JComponent;)V+15
j  javax.swing.JComponent.setUI(Ljavax/swing/plaf/ComponentUI;)V+39
j  javax.swing.JComboBox.setUI(Ljavax/swing/plaf/ComboBoxUI;)V+2
j  javax.swing.JComboBox.updateUI()V+8
j  javax.swing.JComboBox.init()V+15
j  javax.swing.JComboBox.<init>()V+60
j  Aplicacao.VIEWCON.IFrmConServico.initComponents()V+203
j  Aplicacao.VIEWCON.IFrmConServico.<init>()V+5
j  Aplicativo.FrmPrincipais.FrmMenu.SubServicoActionPerformed(Ljava/awt/event/ActionEvent;)V+4
j  Aplicativo.FrmPrincipais.FrmMenu.access$600(LAplicativo/FrmPrincipais/FrmMenu;Ljava/awt/event/ActionEvent;)V+2
j  Aplicativo.FrmPrincipais.FrmMenu$7.actionPerformed(Ljava/awt/event/ActionEvent;)V+5
j  javax.swing.AbstractButton.fireActionPerformed(Ljava/awt/event/ActionEvent;)V+83
j  javax.swing.AbstractButton$Handler.actionPerformed(Ljava/awt/event/ActionEvent;)V+5
j  javax.swing.DefaultButtonModel.fireActionPerformed(Ljava/awt/event/ActionEvent;)V+34
j  javax.swing.DefaultButtonModel.setPressed(Z)V+117
j  javax.swing.AbstractButton.doClick(I)V+64
j  javax.swing.plaf.basic.BasicMenuItemUI.doClick(Ljavax/swing/MenuSelectionManager;)V+53
j  javax.swing.plaf.basic.BasicMenuItemUI$Handler.mouseReleased(Ljava/awt/event/MouseEvent;)V+76
j  java.awt.Component.processMouseEvent(Ljava/awt/event/MouseEvent;)V+64
j  javax.swing.JComponent.processMouseEvent(Ljava/awt/event/MouseEvent;)V+23
j  java.awt.Component.processEvent(Ljava/awt/AWTEvent;)V+81
j  java.awt.Container.processEvent(Ljava/awt/AWTEvent;)V+18
j  java.awt.Component.dispatchEventImpl(Ljava/awt/AWTEvent;)V+589
j  java.awt.Container.dispatchEventImpl(Ljava/awt/AWTEvent;)V+42
j  java.awt.Component.dispatchEvent(Ljava/awt/AWTEvent;)V+2
j  java.awt.LightweightDispatcher.retargetMouseEvent(Ljava/awt/Component;ILjava/awt/event/MouseEvent;)V+327
j  java.awt.LightweightDispatcher.processMouseEvent(Ljava/awt/event/MouseEvent;)Z+143
j  java.awt.LightweightDispatcher.dispatchEvent(Ljava/awt/AWTEvent;)Z+50
j  java.awt.Container.dispatchEventImpl(Ljava/awt/AWTEvent;)V+12
j  java.awt.Window.dispatchEventImpl(Ljava/awt/AWTEvent;)V+19
j  java.awt.Component.dispatchEvent(Ljava/awt/AWTEvent;)V+2
j  java.awt.EventQueue.dispatchEventImpl(Ljava/awt/AWTEvent;Ljava/lang/Object;)V+41
j  java.awt.EventQueue.access$500(Ljava/awt/EventQueue;Ljava/awt/AWTEvent;Ljava/lang/Object;)V+3
j  java.awt.EventQueue$3.run()Ljava/lang/Void;+32
j  java.awt.EventQueue$3.run()Ljava/lang/Object;+1
v  ~StubRoutines::call_stub
j  java.security.AccessController.doPrivileged(Ljava/security/PrivilegedAction;Ljava/security/AccessControlContext;)Ljava/lang/Object;+0
j  java.security.ProtectionDomain$1.doIntersectionPrivilege(Ljava/security/PrivilegedAction;Ljava/security/AccessControlContext;Ljava/security/AccessControlContext;)Ljava/lang/Object;+28
j  java.security.ProtectionDomain$1.doIntersectionPrivilege(Ljava/security/PrivilegedAction;Ljava/security/AccessControlContext;)Ljava/lang/Object;+6
j  java.awt.EventQueue$4.run()Ljava/lang/Void;+11
j  java.awt.EventQueue$4.run()Ljava/lang/Object;+1
v  ~StubRoutines::call_stub
j  java.security.AccessController.doPrivileged(Ljava/security/PrivilegedAction;Ljava/security/AccessControlContext;)Ljava/lang/Object;+0
j  java.security.ProtectionDomain$1.doIntersectionPrivilege(Ljava/security/PrivilegedAction;Ljava/security/AccessControlContext;Ljava/security/AccessControlContext;)Ljava/lang/Object;+28
j  java.awt.EventQueue.dispatchEvent(Ljava/awt/AWTEvent;)V+73
j  java.awt.EventDispatchThread.pumpOneEventForFilters(I)V+245
j  java.awt.EventDispatchThread.pumpEventsForFilter(ILjava/awt/Conditional;Ljava/awt/EventFilter;)V+35
j  java.awt.EventDispatchThread.pumpEventsForHierarchy(ILjava/awt/Conditional;Ljava/awt/Component;)V+11
j  java.awt.EventDispatchThread.pumpEvents(ILjava/awt/Conditional;)V+4
j  java.awt.EventDispatchThread.pumpEvents(Ljava/awt/Conditional;)V+3
j  java.awt.EventDispatchThread.run()V+9
v  ~StubRoutines::call_stub

---------------  P R O C E S S  ---------------

Java Threads: ( => current thread )
  0x14ba0000 JavaThread "pool-1-thread-1" [_thread_blocked, id=4688, stack(0x15910000,0x15960000)]
  0x0155f800 JavaThread "DestroyJavaVM" [_thread_blocked, id=3468, stack(0x01190000,0x011e0000)]
=>0x149b2000 JavaThread "AWT-EventQueue-0" [_thread_in_vm, id=3860, stack(0x15200000,0x15250000)]
  0x148c0000 JavaThread "AWT-Windows" daemon [_thread_in_native, id=2288, stack(0x150d0000,0x15120000)]
  0x148bf400 JavaThread "AWT-Shutdown" [_thread_blocked, id=3904, stack(0x15250000,0x152a0000)]
  0x148bcc00 JavaThread "Java2D Disposer" daemon [_thread_blocked, id=2752, stack(0x15160000,0x151b0000)]
  0x13eaf400 JavaThread "Service Thread" daemon [_thread_blocked, id=4628, stack(0x14370000,0x143c0000)]
  0x13ec1c00 JavaThread "C1 CompilerThread0" daemon [_thread_blocked, id=5096, stack(0x142f0000,0x14340000)]
  0x13ec0800 JavaThread "Attach Listener" daemon [_thread_blocked, id=2388, stack(0x14270000,0x142c0000)]
  0x13ebd800 JavaThread "Signal Dispatcher" daemon [_thread_blocked, id=1340, stack(0x01480000,0x014d0000)]
  0x13e78400 JavaThread "Finalizer" daemon [_thread_blocked, id=3548, stack(0x141e0000,0x14230000)]
  0x0131f400 JavaThread "Reference Handler" daemon [_thread_blocked, id=5700, stack(0x14080000,0x140d0000)]

Other Threads:
  0x0131e000 VMThread [stack: 0x14110000,0x14160000] [id=480]
  0x13eb7800 WatcherThread [stack: 0x03970000,0x039c0000] [id=5764]

VM state:not at safepoint (normal execution)

VM Mutex/Monitor currently owned by a thread: None

Heap:
 def new generation   total 4992K, used 1374K [0x03a00000, 0x03f60000, 0x08f50000)
  eden space 4480K,  29% used [0x03a00000, 0x03b49cf0, 0x03e60000)
  from space 512K,  10% used [0x03e60000, 0x03e6dd60, 0x03ee0000)
  to   space 512K,   0% used [0x03ee0000, 0x03ee0000, 0x03f60000)
 tenured generation   total 91456K, used 87149K [0x08f50000, 0x0e8a0000, 0x13a00000)
   the space 91456K,  95% used [0x08f50000, 0x0e46b7d0, 0x0e46b800, 0x0e8a0000)
 Metaspace       used 9294K, capacity 9477K, committed 9600K, reserved 9600K

Card table byte_map: [0x03830000,0x038c0000] byte_map_base: 0x03813000

Polling page: 0x00120000

CodeCache: size=32768Kb used=1253Kb max_used=1253Kb free=31514Kb
 bounds [0x01830000, 0x01970000, 0x03830000]
 total_blobs=660 nmethods=427 adapters=165
 compilation: enabled

Compilation events (10 events):
Event: 16.932 Thread 0x13ec1c00  431             java.util.Locale::hashCode (41 bytes)
Event: 16.932 Thread 0x13ec1c00 nmethod 431 0x01968108 code [0x01968210, 0x019682f8]
Event: 16.934 Thread 0x13ec1c00  432             java.lang.Boolean::booleanValue (5 bytes)
Event: 16.934 Thread 0x13ec1c00 nmethod 432 0x019683c8 code [0x019684c0, 0x01968540]
Event: 16.939 Thread 0x13ec1c00  433             java.util.HashMap$TreeNode::find (172 bytes)
Event: 16.940 Thread 0x13ec1c00 nmethod 433 0x01968588 code [0x019686d0, 0x01968970]
Event: 16.946 Thread 0x13ec1c00  434             java.awt.Rectangle::<init> (26 bytes)
Event: 16.946 Thread 0x13ec1c00 nmethod 434 0x01968bc8 code [0x01968cc0, 0x01968d50]
Event: 16.949 Thread 0x13ec1c00  435             javax.swing.plaf.nimbus.NimbusDefaults::getStyle (171 bytes)
Event: 16.949 Thread 0x13ec1c00 nmethod 435 0x01968d88 code [0x01968f10, 0x01969230]

GC Heap History (10 events):
Event: 2.522 GC heap before
{Heap before GC invocations=18 (full 1):
 def new generation   total 4992K, used 4481K [0x03a00000, 0x03f60000, 0x08f50000)
  eden space 4480K, 100% used [0x03a00000, 0x03e60000, 0x03e60000)
  from space 512K,   0% used [0x03ee0000, 0x03ee06a0, 0x03f60000)
  to   space 512K,   0% used [0x03e60000, 0x03e60000, 0x03ee0000)
 tenured generation   total 91456K, used 82711K [0x08f50000, 0x0e8a0000, 0x13a00000)
   the space 91456K,  90% used [0x08f50000, 0x0e015d28, 0x0e015e00, 0x0e8a0000)
 Metaspace       used 6682K, capacity 6847K, committed 6912K, reserved 7552K
Event: 2.522 GC heap after
Heap after GC invocations=19 (full 1):
 def new generation   total 4992K, used 0K [0x03a00000, 0x03f60000, 0x08f50000)
  eden space 4480K,   0% used [0x03a00000, 0x03a00000, 0x03e60000)
  from space 512K,   0% used [0x03e60000, 0x03e60050, 0x03ee0000)
  to   space 512K,   0% used [0x03ee0000, 0x03ee0000, 0x03f60000)
 tenured generation   total 91456K, used 82712K [0x08f50000, 0x0e8a0000, 0x13a00000)
   the space 91456K,  90% used [0x08f50000, 0x0e016378, 0x0e016400, 0x0e8a0000)
 Metaspace       used 6682K, capacity 6847K, committed 6912K, reserved 7552K
}
Event: 2.585 GC heap before
{Heap before GC invocations=19 (full 1):
 def new generation   total 4992K, used 4480K [0x03a00000, 0x03f60000, 0x08f50000)
  eden space 4480K, 100% used [0x03a00000, 0x03e60000, 0x03e60000)
  from space 512K,   0% used [0x03e60000, 0x03e60050, 0x03ee0000)
  to   space 512K,   0% used [0x03ee0000, 0x03ee0000, 0x03f60000)
 tenured generation   total 91456K, used 82712K [0x08f50000, 0x0e8a0000, 0x13a00000)
   the space 91456K,  90% used [0x08f50000, 0x0e016378, 0x0e016400, 0x0e8a0000)
 Metaspace       used 6682K, capacity 6847K, committed 6912K, reserved 7552K
Event: 2.586 GC heap after
Heap after GC invocations=20 (full 1):
 def new generation   total 4992K, used 0K [0x03a00000, 0x03f60000, 0x08f50000)
  eden space 4480K,   0% used [0x03a00000, 0x03a00000, 0x03e60000)
  from space 512K,   0% used [0x03ee0000, 0x03ee0050, 0x03f60000)
  to   space 512K,   0% used [0x03e60000, 0x03e60000, 0x03ee0000)
 tenured generation   total 91456K, used 82712K [0x08f50000, 0x0e8a0000, 0x13a00000)
   the space 91456K,  90% used [0x08f50000, 0x0e016378, 0x0e016400, 0x0e8a0000)
 Metaspace       used 6682K, capacity 6847K, committed 6912K, reserved 7552K
}
Event: 2.650 GC heap before
{Heap before GC invocations=20 (full 1):
 def new generation   total 4992K, used 4480K [0x03a00000, 0x03f60000, 0x08f50000)
  eden space 4480K, 100% used [0x03a00000, 0x03e60000, 0x03e60000)
  from space 512K,   0% used [0x03ee0000, 0x03ee0050, 0x03f60000)
  to   space 512K,   0% used [0x03e60000, 0x03e60000, 0x03ee0000)
 tenured generation   total 91456K, used 82712K [0x08f50000, 0x0e8a0000, 0x13a00000)
   the space 91456K,  90% used [0x08f50000, 0x0e016378, 0x0e016400, 0x0e8a0000)
 Metaspace       used 6682K, capacity 6847K, committed 6912K, reserved 7552K
Event: 2.651 GC heap after
Heap after GC invocations=21 (full 1):
 def new generation   total 4992K, used 0K [0x03a00000, 0x03f60000, 0x08f50000)
  eden space 4480K,   0% used [0x03a00000, 0x03a00000, 0x03e60000)
  from space 512K,   0% used [0x03e60000, 0x03e60050, 0x03ee0000)
  to   space 512K,   0% used [0x03ee0000, 0x03ee0000, 0x03f60000)
 tenured generation   total 91456K, used 82712K [0x08f50000, 0x0e8a0000, 0x13a00000)
   the space 91456K,  90% used [0x08f50000, 0x0e016378, 0x0e016400, 0x0e8a0000)
 Metaspace       used 6682K, capacity 6847K, committed 6912K, reserved 7552K
}
Event: 2.979 GC heap before
{Heap before GC invocations=21 (full 1):
 def new generation   total 4992K, used 4169K [0x03a00000, 0x03f60000, 0x08f50000)
  eden space 4480K,  93% used [0x03a00000, 0x03e12450, 0x03e60000)
  from space 512K,   0% used [0x03e60000, 0x03e60050, 0x03ee0000)
  to   space 512K,   0% used [0x03ee0000, 0x03ee0000, 0x03f60000)
 tenured generation   total 91456K, used 82712K [0x08f50000, 0x0e8a0000, 0x13a00000)
   the space 91456K,  90% used [0x08f50000, 0x0e016378, 0x0e016400, 0x0e8a0000)
 Metaspace       used 8146K, capacity 8312K, committed 8448K, reserved 8576K
Event: 2.984 GC heap after
Heap after GC invocations=22 (full 1):
 def new generation   total 4992K, used 512K [0x03a00000, 0x03f60000, 0x08f50000)
  eden space 4480K,   0% used [0x03a00000, 0x03a00000, 0x03e60000)
  from space 512K, 100% used [0x03ee0000, 0x03f60000, 0x03f60000)
  to   space 512K,   0% used [0x03e60000, 0x03e60000, 0x03ee0000)
 tenured generation   total 91456K, used 82874K [0x08f50000, 0x0e8a0000, 0x13a00000)
   the space 91456K,  90% used [0x08f50000, 0x0e03e8d0, 0x0e03ea00, 0x0e8a0000)
 Metaspace       used 8146K, capacity 8312K, committed 8448K, reserved 8576K
}
Event: 3.948 GC heap before
{Heap before GC invocations=22 (full 1):
 def new generation   total 4992K, used 4992K [0x03a00000, 0x03f60000, 0x08f50000)
  eden space 4480K, 100% used [0x03a00000, 0x03e60000, 0x03e60000)
  from space 512K, 100% used [0x03ee0000, 0x03f60000, 0x03f60000)
  to   space 512K,   0% used [0x03e60000, 0x03e60000, 0x03ee0000)
 tenured generation   total 91456K, used 82874K [0x08f50000, 0x0e8a0000, 0x13a00000)
   the space 91456K,  90% used [0x08f50000, 0x0e03e8d0, 0x0e03ea00, 0x0e8a0000)
 Metaspace       used 8372K, capacity 8545K, committed 8576K, reserved 8576K
Event: 3.957 GC heap after
Heap after GC invocations=23 (full 1):
 def new generation   total 4992K, used 55K [0x03a00000, 0x03f60000, 0x08f50000)
  eden space 4480K,   0% used [0x03a00000, 0x03a00000, 0x03e60000)
  from space 512K,  10% used [0x03e60000, 0x03e6dd60, 0x03ee0000)
  to   space 512K,   0% used [0x03ee0000, 0x03ee0000, 0x03f60000)
 tenured generation   total 91456K, used 87149K [0x08f50000, 0x0e8a0000, 0x13a00000)
   the space 91456K,  95% used [0x08f50000, 0x0e46b7d0, 0x0e46b800, 0x0e8a0000)
 Metaspace       used 8372K, capacity 8545K, committed 8576K, reserved 8576K
}

Deoptimization events (0 events):
No events

Internal exceptions (10 events):
Event: 2.735 Thread 0x149b2000 Exception <a 'java/lang/NoSuchMethodError': <clinit>> (0x03bfce78) thrown at [C:\re\workspace\8-2-build-windows-i586-cygwin\jdk8u45\3627\hotspot\src\share\vm\prims\jni.cpp, line 1598]
Event: 2.738 Thread 0x149b2000 Exception <a 'java/lang/NoSuchMethodError': <clinit>> (0x03c243c8) thrown at [C:\re\workspace\8-2-build-windows-i586-cygwin\jdk8u45\3627\hotspot\src\share\vm\prims\jni.cpp, line 1598]
Event: 2.740 Thread 0x149b2000 Exception <a 'java/lang/NoSuchMethodError': <clinit>> (0x03c43da8) thrown at [C:\re\workspace\8-2-build-windows-i586-cygwin\jdk8u45\3627\hotspot\src\share\vm\prims\jni.cpp, line 1598]
Event: 2.744 Thread 0x149b2000 Exception <a 'java/lang/NoSuchMethodError': <clinit>> (0x03c651c8) thrown at [C:\re\workspace\8-2-build-windows-i586-cygwin\jdk8u45\3627\hotspot\src\share\vm\prims\jni.cpp, line 1598]
Event: 2.754 Thread 0x149b2000 Exception <a 'java/lang/NoSuchMethodError': <clinit>> (0x03c88d30) thrown at [C:\re\workspace\8-2-build-windows-i586-cygwin\jdk8u45\3627\hotspot\src\share\vm\prims\jni.cpp, line 1598]
Event: 2.759 Thread 0x149b2000 Exception <a 'java/lang/NoSuchMethodError': <clinit>> (0x03c96ff0) thrown at [C:\re\workspace\8-2-build-windows-i586-cygwin\jdk8u45\3627\hotspot\src\share\vm\prims\jni.cpp, line 1598]
Event: 2.765 Thread 0x149b2000 Exception <a 'java/lang/NoSuchMethodError': <clinit>> (0x03caa6c0) thrown at [C:\re\workspace\8-2-build-windows-i586-cygwin\jdk8u45\3627\hotspot\src\share\vm\prims\jni.cpp, line 1598]
Event: 2.767 Thread 0x149b2000 Exception <a 'java/lang/NoSuchMethodError': <clinit>> (0x03cb85f8) thrown at [C:\re\workspace\8-2-build-windows-i586-cygwin\jdk8u45\3627\hotspot\src\share\vm\prims\jni.cpp, line 1598]
Event: 2.768 Thread 0x149b2000 Exception <a 'java/lang/NoSuchMethodError': <clinit>> (0x03cc3e30) thrown at [C:\re\workspace\8-2-build-windows-i586-cygwin\jdk8u45\3627\hotspot\src\share\vm\prims\jni.cpp, line 1598]
Event: 2.770 Thread 0x149b2000 Exception <a 'java/lang/NoSuchMethodError': <clinit>> (0x03cd2668) thrown at [C:\re\workspace\8-2-build-windows-i586-cygwin\jdk8u45\3627\hotspot\src\share\vm\prims\jni.cpp, line 1598]

Events (10 events):
Event: 16.950 loading class javax/swing/ScrollPaneLayout done
Event: 16.950 loading class javax/swing/ScrollPaneLayout$UIResource done
Event: 16.950 loading class javax/swing/ViewportLayout
Event: 16.950 loading class javax/swing/ViewportLayout done
Event: 16.950 loading class javax/swing/plaf/synth/SynthViewportUI
Event: 16.950 loading class javax/swing/plaf/ViewportUI
Event: 16.951 loading class javax/swing/plaf/ViewportUI done
Event: 16.951 loading class javax/swing/plaf/synth/SynthViewportUI done
Event: 16.951 loading class javax/swing/JScrollPane$ScrollBar
Event: 16.951 loading class javax/swing/JScrollPane$ScrollBar done


Dynamic libraries:
0x011e0000 - 0x01213000 	C:\Program Files\Java\jdk1.8.0_45\bin\java.exe
0x77510000 - 0x7764c000 	C:\Windows\SYSTEM32\ntdll.dll
0x76f10000 - 0x76fe4000 	C:\Windows\system32\kernel32.dll
0x75790000 - 0x757db000 	C:\Windows\system32\KERNELBASE.dll
0x769e0000 - 0x76a80000 	C:\Windows\system32\ADVAPI32.dll
0x76c40000 - 0x76cec000 	C:\Windows\system32\msvcrt.dll
0x77660000 - 0x77679000 	C:\Windows\SYSTEM32\sechost.dll
0x76720000 - 0x767c1000 	C:\Windows\system32\RPCRT4.dll
0x77440000 - 0x77509000 	C:\Windows\system32\USER32.dll
0x76cf0000 - 0x76d3e000 	C:\Windows\system32\GDI32.dll
0x76710000 - 0x7671a000 	C:\Windows\system32\LPK.dll
0x76a80000 - 0x76b1d000 	C:\Windows\system32\USP10.dll
0x74990000 - 0x74b2e000 	C:\Windows\WinSxS\x86_microsoft.windows.common-controls_6595b64144ccf1df_6.0.7601.17514_none_41e6975e2bd6f2b2\COMCTL32.dll
0x776d0000 - 0x77727000 	C:\Windows\system32\SHLWAPI.dll
0x75880000 - 0x7589f000 	C:\Windows\system32\IMM32.DLL
0x76900000 - 0x769cc000 	C:\Windows\system32\MSCTF.dll
0x5d410000 - 0x5d4cf000 	C:\Program Files\Java\jdk1.8.0_45\jre\bin\msvcr100.dll
0x5a6f0000 - 0x5aab0000 	C:\Program Files\Java\jdk1.8.0_45\jre\bin\client\jvm.dll
0x68710000 - 0x68717000 	C:\Windows\system32\WSOCK32.dll
0x77050000 - 0x77085000 	C:\Windows\system32\WS2_32.dll
0x77650000 - 0x77656000 	C:\Windows\system32\NSI.dll
0x730b0000 - 0x730e2000 	C:\Windows\system32\WINMM.dll
0x74580000 - 0x74589000 	C:\Windows\system32\VERSION.dll
0x77730000 - 0x77735000 	C:\Windows\system32\PSAPI.DLL
0x737a0000 - 0x737ac000 	C:\Program Files\Java\jdk1.8.0_45\jre\bin\verify.dll
0x632b0000 - 0x632d1000 	C:\Program Files\Java\jdk1.8.0_45\jre\bin\java.dll
0x6b500000 - 0x6b513000 	C:\Program Files\Java\jdk1.8.0_45\jre\bin\zip.dll
0x75ac0000 - 0x7670a000 	C:\Windows\system32\SHELL32.dll
0x772e0000 - 0x7743c000 	C:\Windows\system32\ole32.dll
0x75560000 - 0x7556b000 	C:\Windows\system32\profapi.dll
0x5cfe0000 - 0x5d125000 	C:\Program Files\Java\jdk1.8.0_45\jre\bin\awt.dll
0x76bb0000 - 0x76c3f000 	C:\Windows\system32\OLEAUT32.dll
0x73d20000 - 0x73d60000 	C:\Windows\system32\uxtheme.dll
0x739f0000 - 0x73a03000 	C:\Windows\system32\dwmapi.dll
0x75480000 - 0x7548c000 	C:\Windows\system32\CRYPTBASE.dll
0x63270000 - 0x632a9000 	C:\Program Files\Java\jdk1.8.0_45\jre\bin\fontmanager.dll
0x5bf20000 - 0x5bf45000 	C:\Program Files\Java\jdk1.8.0_45\jre\bin\jpeg.dll
0x6ae80000 - 0x6ae88000 	C:\Windows\System32\MSSWCH.dll
0x686b0000 - 0x686c5000 	C:\Program Files\Java\jdk1.8.0_45\jre\bin\net.dll
0x74ef0000 - 0x74f2c000 	C:\Windows\system32\mswsock.dll
0x74ee0000 - 0x74ee6000 	C:\Windows\System32\wship6.dll
0x6ae30000 - 0x6ae3f000 	C:\Program Files\Java\jdk1.8.0_45\jre\bin\nio.dll
0x63240000 - 0x63270000 	C:\Program Files\Java\jdk1.8.0_45\jre\bin\t2k.dll
0x5cd20000 - 0x5cd44000 	C:\Program Files\Java\jdk1.8.0_45\jre\bin\dcpr.dll
0x6d1e0000 - 0x6d2cb000 	C:\Windows\system32\dbghelp.dll

VM Arguments:
jvm_args: -Dfile.encoding=UTF-8 
java_command: Aplicativo.FrmPrincipais.FrmMenu
java_class_path (initial): C:\Program Files\NetBeans 8.0.2\ide\modules\ext\mysql-connector-java-5.1.23-bin.jar;C:\Program Files\NetBeans 8.0.2\java\modules\ext\AbsoluteLayout.jar;C:\Program Files\NetBeans 8.0.2\java\modules\ext\eclipselink\eclipselink.jar;C:\Program Files\NetBeans 8.0.2\java\modules\ext\eclipselink\javax.persistence_2.1.0.v201304241213.jar;C:\Program Files\NetBeans 8.0.2\java\modules\ext\eclipselink\org.eclipse.persistence.jpa.jpql_2.5.2.v20140319-9ad6abd.jar;C:\Users\Carla\Documents\ETEC\Relatório\AplicacaoEmpresa.Beta.0.0.2.0\src\calendario\jcalendar-1.4.jar;C:\Program Files\Jaspersoft\iReport-5.6.0\ireport\libs\xalan.jar;C:\Program Files\Jaspersoft\iReport-5.6.0\ireport\modules\ext\ant-1.7.1.jar;C:\Program Files\Jaspersoft\iReport-5.6.0\ireport\modules\ext\antlr-2.7.6.jar;C:\Program Files\Jaspersoft\iReport-5.6.0\ireport\modules\ext\asm-attrs.jar;C:\Program Files\Jaspersoft\iReport-5.6.0\ireport\modules\ext\asm.jar;C:\Program Files\Jaspersoft\iReport-5.6.0\ireport\modules\ext\barbecue-1.5-beta1.jar;C:\Program Files\Jaspersoft\iReport-5.6.0\ireport\modules\ext\barcode4j-2.1.jar;C:\Program Files\Jaspersoft\iReport-5.6.0\ireport\modules\ext\batik-anim.jar;C:\Program Files\Jaspersoft\iReport-5.6.0\ireport\modules\ext\batik-awt-util.jar;C:\Program Files\Jaspersoft\iReport-5.6.0\ireport\modules\ext\batik-bridge.jar;C:\Program Files\Jaspersoft\iReport-5.6.0\ireport\modules\ext\batik-css.jar;C:\Program Files\Jaspersoft\iReport-5.6.0\ireport\modules\ext\batik-dom.jar;C:\Program Files\Jaspersoft\iReport-5.6.0\ireport\modules\ext\batik-ext.jar;C:\Program Files\Jaspersoft\iReport-5.6.0\ireport\modules\ext\batik-gvt.jar;C:\Program Files\Jaspersoft\iReport-5.6.0\ireport\modules\ext\batik-parser.jar;C:\Program Files\Jaspersoft\iReport-5.6.0\ireport\modules\ext\batik-script.jar;C:\Program Files\Jaspersoft\iReport-5.6.0\ireport\modules\ext\batik-svg-dom.jar;C:\Program Files\Jaspersoft\iReport-5.6.0\ireport\modules\ext\batik-svggen.jar;C:\Program Files\Jaspersof
Launcher Type: SUN_STANDARD

Environment Variables:
PATH=C:\Program Files\EasyPHP-DevServer-14.1VC9\binaries\php\php_runningversion;C:\ProgramData\Oracle\Java\javapath;C:\Program Files\Common Files\Microsoft Shared\Windows Live;C:\Windows\system32;C:\Windows;C:\Windows\System32\Wbem;C:\Windows\System32\WindowsPowerShell\v1.0\;C:\Program Files\Windows Live\Shared
USERNAME=Carla
OS=Windows_NT
PROCESSOR_IDENTIFIER=x86 Family 6 Model 23 Stepping 10, GenuineIntel



---------------  S Y S T E M  ---------------

OS: Windows 7 Build 7601 (6.1.7601.18409)

CPU:total 2 (2 cores per cpu, 1 threads per core) family 6 model 23 stepping 10, cmov, cx8, fxsr, mmx, sse, sse2, sse3, ssse3, tsc

Memory: 4k page, physical 2061492k(448732k free), swap 4122984k(1672320k free)

vm_info: Java HotSpot(TM) Client VM (25.45-b02) for windows-x86 JRE (1.8.0_45-b15), built on Apr 30 2015 12:31:00 by "java_re" with MS VC++ 10.0 (VS2010)

time: Wed Jun 08 16:12:43 2016
elapsed time: 17 seconds (0d 0h 0m 17s)

